<?xml version="1.0" encoding="UTF-8"?>
<testsuite name="br.com.desafio.unittests.service.ClienteTest" tests="1" skipped="0" failures="0" errors="0" timestamp="2023-03-05T02:47:45" hostname="DESKTOP-KJ202TN" time="2.08">
  <properties/>
  <testcase name="filtroClienteVOPorSexo()" classname="br.com.desafio.unittests.service.ClienteTest" time="2.08"/>
  <system-out><![CDATA[]]></system-out>
  <system-err><![CDATA[]]></system-err>
</testsuite>
